<?xml version="1.0" encoding="UTF-8"?>
<!-- Generated by org.testng.reporters.JUnitXMLReporter -->
<testsuite ignored="1" hostname="DESKTOP-3RHQS1L" failures="0" tests="1" name="Default test" time="0.079" errors="0" timestamp="2024-08-14T07:38:07 IST">
  <testcase classname="mock_practice.compareThrowsAndTryCatch" name="exceldata1" time="0.022"/>
  <testcase classname="mock_practice.compareThrowsAndTryCatch" name="exceldata" time="0.0">
    <ignored/>
  </testcase> <!-- exceldata -->
</testsuite> <!-- Default test -->
