<?xml version="1.0" encoding="UTF-8"?>
<!-- Generated by org.testng.reporters.JUnitXMLReporter -->
<testsuite ignored="2" hostname="DESKTOP-3RHQS1L" failures="0" tests="7" name="ChromeBrowser" time="170.857" errors="0" timestamp="2024-05-10T11:10:36 IST">
  <testcase classname="practiceCrossBrowserTesting.CreateContactCBTDemo" name="createNewContTest" time="14.7"/>
  <testcase classname="practiceCrossBrowserTesting.CreateContactCBTDemo" name="createNewContWithOrgTest" time="31.497"/>
  <testcase classname="practiceCrossBrowserTesting.CreateContactCBTDemo" name="createNewContWithSuppTest" time="13.942"/>
  <testcase classname="practiceCrossBrowserTesting.CreateOrganizationCBTDemo" name="CreateAnddelOrgTest" time="16.771"/>
  <testcase classname="practiceCrossBrowserTesting.CreateOrganizationCBTDemo" name="createOrgTest" time="11.71"/>
  <testcase classname="practiceCrossBrowserTesting.CreateOrganizationCBTDemo" name="createOrgWithIndTest" time="13.685"/>
  <testcase classname="practiceCrossBrowserTesting.CreateOrganizationCBTDemo" name="createOrgWithPhNoTest" time="12.694"/>
  <testcase classname="com.comcast.annotations.BaseClassTest.BaseClass" name="@BeforeSuite ConfigBS" time="0.0">
    <ignored/>
  </testcase> <!-- @BeforeSuite ConfigBS -->
  <testcase classname="com.comcast.annotations.BaseClassTest.BaseClass" name="@AfterSuite ConfigAS" time="0.0">
    <ignored/>
  </testcase> <!-- @AfterSuite ConfigAS -->
</testsuite> <!-- ChromeBrowser -->
