<?xml version="1.0" encoding="UTF-8"?>
<!-- Generated by org.testng.reporters.JUnitXMLReporter -->
<testsuite ignored="2" hostname="DESKTOP-3RHQS1L" failures="0" tests="7" name="EdgeBrowser" time="170.637" errors="0" timestamp="2024-05-10T11:10:36 IST">
  <testcase classname="practiceCrossBrowserTesting.CreateContactCBTDemo" name="createNewContTest" time="15.389"/>
  <testcase classname="practiceCrossBrowserTesting.CreateContactCBTDemo" name="createNewContWithOrgTest" time="29.181"/>
  <testcase classname="practiceCrossBrowserTesting.CreateContactCBTDemo" name="createNewContWithSuppTest" time="14.254"/>
  <testcase classname="practiceCrossBrowserTesting.CreateOrganizationCBTDemo" name="CreateAnddelOrgTest" time="17.827"/>
  <testcase classname="practiceCrossBrowserTesting.CreateOrganizationCBTDemo" name="createOrgTest" time="13.01"/>
  <testcase classname="practiceCrossBrowserTesting.CreateOrganizationCBTDemo" name="createOrgWithIndTest" time="13.758"/>
  <testcase classname="practiceCrossBrowserTesting.CreateOrganizationCBTDemo" name="createOrgWithPhNoTest" time="12.495"/>
  <testcase classname="com.comcast.annotations.BaseClassTest.BaseClass" name="@AfterSuite ConfigAS" time="0.0">
    <ignored/>
  </testcase> <!-- @AfterSuite ConfigAS -->
  <testcase classname="com.comcast.annotations.BaseClassTest.BaseClass" name="@BeforeSuite ConfigBS" time="0.0">
    <ignored/>
  </testcase> <!-- @BeforeSuite ConfigBS -->
</testsuite> <!-- EdgeBrowser -->
