<?xml version="1.0" encoding="UTF-8"?>
<!-- Generated by org.testng.reporters.JUnitXMLReporter -->
<testsuite ignored="0" hostname="DESKTOP-3RHQS1L" failures="0" tests="3" name="TestRunner1" time="122.426" errors="0" timestamp="2024-05-10T09:48:08 IST">
  <testcase classname="com.comcast.crm.contacttest.CreateContactTest" name="createNewContTest" time="37.93"/>
  <testcase classname="com.comcast.crm.contacttest.CreateContactTest" name="createNewContWithOrgTest" time="29.28"/>
  <testcase classname="com.comcast.crm.contacttest.CreateContactTest" name="createNewContWithSuppTest" time="14.521"/>
</testsuite> <!-- TestRunner1 -->
