<?xml version="1.0" encoding="UTF-8"?>
<!-- Generated by org.testng.reporters.JUnitXMLReporter -->
<testsuite ignored="0" hostname="DESKTOP-3RHQS1L" failures="0" tests="3" name="TestRunnerChrome" time="67.219" errors="0" timestamp="2024-05-10T11:17:25 IST">
  <testcase classname="practiceCrossBrowserTesting.CreateContactCBTDemo" name="createNewContTest" time="14.542"/>
  <testcase classname="practiceCrossBrowserTesting.CreateContactCBTDemo" name="createNewContWithOrgTest" time="0.007">
    <skipped/>
  </testcase> <!-- createNewContWithOrgTest -->
  <testcase classname="practiceCrossBrowserTesting.CreateContactCBTDemo" name="createNewContWithSuppTest" time="0.0">
    <skipped/>
  </testcase> <!-- createNewContWithSuppTest -->
</testsuite> <!-- TestRunnerChrome -->
