<?xml version="1.0" encoding="UTF-8"?>
<!-- Generated by org.testng.reporters.JUnitXMLReporter -->
<testsuite ignored="0" hostname="DESKTOP-3RHQS1L" failures="0" tests="4" name="TestRunner2" time="125.189" errors="0" timestamp="2024-05-10T09:48:11 IST">
  <testcase classname="com.comcast.crm.orgtest.CreateOrganizationTest" name="CreateAnddelOrgTest" time="36.278"/>
  <testcase classname="com.comcast.crm.orgtest.CreateOrganizationTest" name="createOrgTest" time="11.143"/>
  <testcase classname="com.comcast.crm.orgtest.CreateOrganizationTest" name="createOrgWithIndTest" time="12.431"/>
  <testcase classname="com.comcast.crm.orgtest.CreateOrganizationTest" name="createOrgWithPhNoTest" time="13.208"/>
</testsuite> <!-- TestRunner2 -->
