<?xml version="1.0" encoding="UTF-8"?>
<!-- Generated by org.testng.reporters.JUnitXMLReporter -->
<testsuite ignored="7" hostname="DESKTOP-3RHQS1L" failures="0" tests="2" name="Test" time="122.296" errors="0" timestamp="2024-08-04T22:54:48 IST">
  <testcase classname="com.comcast.crm.contacttest.CreateContactTest" name="createNewContWithOrgTest" time="64.441"/>
  <testcase classname="com.comcast.crm.orgtest.CreateOrganizationTest" name="createOrgWithPhNoTest" time="12.681"/>
  <testcase classname="com.comcast.annotations.BaseClassTest.BaseClass" name="@BeforeSuite ConfigBS" time="0.0">
    <ignored/>
  </testcase> <!-- @BeforeSuite ConfigBS -->
  <testcase classname="com.comcast.crm.contacttest.CreateContactTest" name="createNewContTest" time="0.0">
    <ignored/>
  </testcase> <!-- createNewContTest -->
  <testcase classname="com.comcast.crm.contacttest.CreateContactTest" name="createNewContWithSuppTest" time="0.0">
    <ignored/>
  </testcase> <!-- createNewContWithSuppTest -->
  <testcase classname="com.comcast.crm.orgtest.CreateOrganizationTest" name="createNewOrgTest" time="0.0">
    <ignored/>
  </testcase> <!-- createNewOrgTest -->
  <testcase classname="com.comcast.crm.orgtest.CreateOrganizationTest" name="createOrgWithIndTest" time="0.0">
    <ignored/>
  </testcase> <!-- createOrgWithIndTest -->
  <testcase classname="com.comcast.crm.orgtest.CreateOrganizationTest" name="CreateAnddelOrgTest" time="0.0">
    <ignored/>
  </testcase> <!-- CreateAnddelOrgTest -->
  <testcase classname="com.comcast.annotations.BaseClassTest.BaseClass" name="@AfterSuite ConfigAS" time="0.0">
    <ignored/>
  </testcase> <!-- @AfterSuite ConfigAS -->
</testsuite> <!-- Test -->
