<?xml version="1.0" encoding="UTF-8"?>
<!-- Generated by org.testng.reporters.JUnitXMLReporter -->
<testsuite ignored="2" hostname="DESKTOP-3RHQS1L" failures="0" tests="1" name="Test1" time="26.127" errors="0" timestamp="2024-05-28T15:43:52 IST">
  <testcase classname="com.comcast.crm.contacttest.ExtRep_CreateContactTest_static" name="createNewContTest" time="15.326"/>
  <testcase classname="com.comcast.crm.contacttest.ExtRep_CreateContactTest_static" name="createNewContWithOrgTest" time="0.0">
    <ignored/>
  </testcase> <!-- createNewContWithOrgTest -->
  <testcase classname="com.comcast.crm.contacttest.ExtRep_CreateContactTest_static" name="createNewContWithSuppTest" time="0.0">
    <ignored/>
  </testcase> <!-- createNewContWithSuppTest -->
</testsuite> <!-- Test1 -->
