<?xml version="1.0" encoding="UTF-8"?>
<testng-results ignored="7" total="9" passed="2" failed="0" skipped="0">
  <reporter-output>
  </reporter-output>
  <suite started-at="2024-08-04T22:52:46 IST" name="Suite" finished-at="2024-08-04T22:54:48 IST" duration-ms="122296">
    <groups>
      <group name="SmokeTest">
        <method signature="CreateContactTest.createNewContWithOrgTest()[pri:0, instance:com.comcast.crm.contacttest.CreateContactTest@6f1de4c7]" name="createNewContWithOrgTest" class="com.comcast.crm.contacttest.CreateContactTest"/>
        <method signature="CreateOrganizationTest.createOrgWithPhNoTest()[pri:0, instance:com.comcast.crm.orgtest.CreateOrganizationTest@a1153bc]" name="createOrgWithPhNoTest" class="com.comcast.crm.orgtest.CreateOrganizationTest"/>
      </group> <!-- SmokeTest -->
    </groups>
    <test started-at="2024-08-04T22:52:46 IST" name="Test" finished-at="2024-08-04T22:54:48 IST" duration-ms="122296">
      <class name="com.comcast.crm.orgtest.CreateOrganizationTest">
        <test-method is-config="true" signature="ConfigBC()[pri:0, instance:com.comcast.crm.orgtest.CreateOrganizationTest@a1153bc]" started-at="2024-08-04T22:54:26 IST" name="ConfigBC" finished-at="2024-08-04T22:54:29 IST" duration-ms="3076" status="PASS">
          <reporter-output>
          </reporter-output>
        </test-method> <!-- ConfigBC -->
        <test-method is-config="true" signature="ConfigBM()[pri:0, instance:com.comcast.crm.orgtest.CreateOrganizationTest@a1153bc]" started-at="2024-08-04T22:54:29 IST" name="ConfigBM" finished-at="2024-08-04T22:54:33 IST" duration-ms="4597" status="PASS">
          <reporter-output>
          </reporter-output>
        </test-method> <!-- ConfigBM -->
        <test-method signature="createOrgWithPhNoTest()[pri:0, instance:com.comcast.crm.orgtest.CreateOrganizationTest@a1153bc]" started-at="2024-08-04T22:54:33 IST" name="createOrgWithPhNoTest" finished-at="2024-08-04T22:54:46 IST" duration-ms="12681" status="PASS">
          <reporter-output>
          </reporter-output>
        </test-method> <!-- createOrgWithPhNoTest -->
        <test-method is-config="true" signature="ConfigAM()[pri:0, instance:com.comcast.crm.orgtest.CreateOrganizationTest@a1153bc]" started-at="2024-08-04T22:54:46 IST" name="ConfigAM" finished-at="2024-08-04T22:54:48 IST" duration-ms="1928" status="PASS">
          <reporter-output>
          </reporter-output>
        </test-method> <!-- ConfigAM -->
        <test-method is-config="true" signature="ConfigAC()[pri:0, instance:com.comcast.crm.orgtest.CreateOrganizationTest@a1153bc]" started-at="2024-08-04T22:54:48 IST" name="ConfigAC" finished-at="2024-08-04T22:54:48 IST" duration-ms="310" status="PASS">
          <reporter-output>
          </reporter-output>
        </test-method> <!-- ConfigAC -->
      </class> <!-- com.comcast.crm.orgtest.CreateOrganizationTest -->
      <class name="com.comcast.crm.contacttest.CreateContactTest">
        <test-method is-config="true" signature="ConfigBS()[pri:0, instance:com.comcast.crm.contacttest.CreateContactTest@6f1de4c7]" started-at="2024-08-04T22:52:46 IST" name="ConfigBS" finished-at="2024-08-04T22:52:46 IST" duration-ms="351" status="PASS">
          <reporter-output>
          </reporter-output>
        </test-method> <!-- ConfigBS -->
        <test-method is-config="true" signature="ConfigBC()[pri:0, instance:com.comcast.crm.contacttest.CreateContactTest@6f1de4c7]" started-at="2024-08-04T22:52:46 IST" name="ConfigBC" finished-at="2024-08-04T22:52:50 IST" duration-ms="4497" status="PASS">
          <reporter-output>
          </reporter-output>
        </test-method> <!-- ConfigBC -->
        <test-method is-config="true" signature="ConfigBM()[pri:0, instance:com.comcast.crm.contacttest.CreateContactTest@6f1de4c7]" started-at="2024-08-04T22:52:50 IST" name="ConfigBM" finished-at="2024-08-04T22:53:16 IST" duration-ms="25096" status="PASS">
          <reporter-output>
          </reporter-output>
        </test-method> <!-- ConfigBM -->
        <test-method signature="createNewContWithOrgTest()[pri:0, instance:com.comcast.crm.contacttest.CreateContactTest@6f1de4c7]" started-at="2024-08-04T22:53:16 IST" name="createNewContWithOrgTest" finished-at="2024-08-04T22:54:20 IST" duration-ms="64441" status="PASS">
          <reporter-output>
          </reporter-output>
        </test-method> <!-- createNewContWithOrgTest -->
        <test-method is-config="true" signature="ConfigAM()[pri:0, instance:com.comcast.crm.contacttest.CreateContactTest@6f1de4c7]" started-at="2024-08-04T22:54:20 IST" name="ConfigAM" finished-at="2024-08-04T22:54:25 IST" duration-ms="5137" status="PASS">
          <reporter-output>
          </reporter-output>
        </test-method> <!-- ConfigAM -->
        <test-method is-config="true" signature="ConfigAC()[pri:0, instance:com.comcast.crm.contacttest.CreateContactTest@6f1de4c7]" started-at="2024-08-04T22:54:25 IST" name="ConfigAC" finished-at="2024-08-04T22:54:26 IST" duration-ms="467" status="PASS">
          <reporter-output>
          </reporter-output>
        </test-method> <!-- ConfigAC -->
        <test-method is-config="true" signature="ConfigAS()[pri:0, instance:com.comcast.crm.contacttest.CreateContactTest@6f1de4c7]" started-at="2024-08-04T22:54:48 IST" name="ConfigAS" finished-at="2024-08-04T22:54:48 IST" duration-ms="0" status="PASS">
          <reporter-output>
          </reporter-output>
        </test-method> <!-- ConfigAS -->
      </class> <!-- com.comcast.crm.contacttest.CreateContactTest -->
    </test> <!-- Test -->
  </suite> <!-- Suite -->
</testng-results>
