<?xml version="1.0" encoding="UTF-8"?>
<testng-results ignored="0" total="1" passed="1" failed="0" skipped="0">
  <reporter-output>
  </reporter-output>
  <suite started-at="2024-08-14T07:38:07 IST" name="Default suite" finished-at="2024-08-14T07:38:07 IST" duration-ms="79">
    <groups>
    </groups>
    <test started-at="2024-08-14T07:38:07 IST" name="Default test" finished-at="2024-08-14T07:38:07 IST" duration-ms="79">
      <class name="mock_practice.compareThrowsAndTryCatch">
        <test-method signature="exceldata1()[pri:0, instance:mock_practice.compareThrowsAndTryCatch@1e6454ec]" started-at="2024-08-14T07:38:07 IST" name="exceldata1" finished-at="2024-08-14T07:38:07 IST" duration-ms="22" status="PASS">
          <reporter-output>
          </reporter-output>
        </test-method> <!-- exceldata1 -->
      </class> <!-- mock_practice.compareThrowsAndTryCatch -->
    </test> <!-- Default test -->
  </suite> <!-- Default suite -->
</testng-results>
